0 info it worked if it ends with ok
1 verbose cli [ '/usr/local/Cellar/node/5.1.1/bin/node',
1 verbose cli   '/usr/local/bin/npm',
1 verbose cli   'run',
1 verbose cli   'start' ]
2 info using npm@3.6.0
3 info using node@v5.1.1
4 verbose run-script [ 'prestart', 'start', 'poststart' ]
5 info lifecycle gt@0.0.1~prestart: gt@0.0.1
6 silly lifecycle gt@0.0.1~prestart: no script for prestart, continuing
7 info lifecycle gt@0.0.1~start: gt@0.0.1
8 verbose lifecycle gt@0.0.1~start: unsafe-perm in lifecycle true
9 verbose lifecycle gt@0.0.1~start: PATH: /usr/local/lib/node_modules/npm/bin/node-gyp-bin:/Users/i312714/Documents/workspace/gt/node_modules/.bin:/Users/i312714/.rvm/gems/ruby-2.2.0/bin:/Users/i312714/.rvm/gems/ruby-2.2.0@global/bin:/Users/i312714/.rvm/rubies/ruby-2.2.0/bin:/usr/local/bin:/usr/bin:/bin:/usr/sbin:/sbin:/usr/local/opt/go/libexec/bin:/Users/i312714/Library/Development/Go/bin:/usr/local/Cellar/fzf/HEAD/bin:/Users/i312714/.rvm/bin
10 verbose lifecycle gt@0.0.1~start: CWD: /Users/i312714/Documents/workspace/gt
11 silly lifecycle gt@0.0.1~start: Args: [ '-c', 'webpack-dev-server' ]
12 silly lifecycle gt@0.0.1~start: Returned: code: 1  signal: null
13 info lifecycle gt@0.0.1~start: Failed to exec start script
14 verbose stack Error: gt@0.0.1 start: `webpack-dev-server`
14 verbose stack Exit status 1
14 verbose stack     at EventEmitter.<anonymous> (/usr/local/lib/node_modules/npm/lib/utils/lifecycle.js:232:16)
14 verbose stack     at emitTwo (events.js:87:13)
14 verbose stack     at EventEmitter.emit (events.js:172:7)
14 verbose stack     at ChildProcess.<anonymous> (/usr/local/lib/node_modules/npm/lib/utils/spawn.js:24:14)
14 verbose stack     at emitTwo (events.js:87:13)
14 verbose stack     at ChildProcess.emit (events.js:172:7)
14 verbose stack     at maybeClose (internal/child_process.js:818:16)
14 verbose stack     at Process.ChildProcess._handle.onexit (internal/child_process.js:211:5)
15 verbose pkgid gt@0.0.1
16 verbose cwd /Users/i312714/Documents/workspace/gt
17 error Darwin 14.5.0
18 error argv "/usr/local/Cellar/node/5.1.1/bin/node" "/usr/local/bin/npm" "run" "start"
19 error node v5.1.1
20 error npm  v3.6.0
21 error code ELIFECYCLE
22 error gt@0.0.1 start: `webpack-dev-server`
22 error Exit status 1
23 error Failed at the gt@0.0.1 start script 'webpack-dev-server'.
23 error Make sure you have the latest version of node.js and npm installed.
23 error If you do, this is most likely a problem with the gt package,
23 error not with npm itself.
23 error Tell the author that this fails on your system:
23 error     webpack-dev-server
23 error You can get information on how to open an issue for this project with:
23 error     npm bugs gt
23 error Or if that isn't available, you can get their info via:
23 error     npm owner ls gt
23 error There is likely additional logging output above.
24 verbose exit [ 1, true ]
